<?xml version="1.0" encoding="UTF-8"?>
<!-- Generated by org.testng.reporters.JUnitReportReporter -->
<testsuite skipped="0" hostname="LAPTOP-9SMT1JA2" name="com.company.sa.test.SearchWordTestCase" tests="1" failures="0" timestamp="2021-11-15T22:53:28 CET" time="6.613" errors="0">
  <testcase name="searchWordTest" time="6.613" classname="com.company.sa.test.SearchWordTestCase"/>
  <system-out/>
</testsuite> <!-- com.company.sa.test.SearchWordTestCase -->
