<?xml version="1.0" encoding="UTF-8"?>
<!-- Generated by org.testng.reporters.JUnitReportReporter -->
<testsuite skipped="0" hostname="LAPTOP-9SMT1JA2" name="com.company.sa.test.LoginTestCase" tests="1" failures="0" timestamp="2021-11-14T21:14:17 CET" time="0.419" errors="0">
  <testcase name="testLogin" time="0.419" classname="com.company.sa.test.LoginTestCase"/>
  <system-out/>
</testsuite> <!-- com.company.sa.test.LoginTestCase -->
